<?xml version="1.0" encoding="UTF-8"?>
<!-- Generated by org.testng.reporters.JUnitReportReporter -->
<testsuite hostname="DESKTOP-LSFSGRJ" failures="0" tests="3" name="tests.LoginTestsHappyAndNegativeScenariosWithDDTWithDataProvider" time="23.890" errors="0" timestamp="2025-04-27T16:43:05 EEST" skipped="0">
  <testcase classname="tests.LoginTestsHappyAndNegativeScenariosWithDDTWithDataProvider" name="testLogin_HappyAndNegative" time="6.073"/>
  <testcase classname="tests.LoginTestsHappyAndNegativeScenariosWithDDTWithDataProvider" name="testLogin_HappyAndNegative" time="11.805"/>
  <testcase classname="tests.LoginTestsHappyAndNegativeScenariosWithDDTWithDataProvider" name="testLogin_HappyAndNegative" time="6.012"/>
</testsuite> <!-- tests.LoginTestsHappyAndNegativeScenariosWithDDTWithDataProvider -->
