<?xml version="1.0" encoding="UTF-8"?>
<!-- Generated by org.testng.reporters.JUnitReportReporter -->
<testsuite hostname="Alaa" failures="0" tests="2" name="tests.LoginTests_happyScenarioWithDDTAndDataProvider" time="16.711" errors="0" timestamp="2025-05-10T17:02:40 EEST" skipped="0">
  <testcase classname="tests.LoginTests_happyScenarioWithDDTAndDataProvider" name="testLogin_CorrectEmailAndPassword" time="9.397"/>
  <testcase classname="tests.LoginTests_happyScenarioWithDDTAndDataProvider" name="testLogin_CorrectEmailAndPassword" time="7.314"/>
</testsuite> <!-- tests.LoginTests_happyScenarioWithDDTAndDataProvider -->
