<?xml version="1.0" encoding="UTF-8"?>
<!-- Generated by org.testng.reporters.JUnitReportReporter -->
<testsuite hostname="DESKTOP-LSFSGRJ" failures="0" tests="3" name="tests.LoginTests_happyAndnegativeScenario" time="19.132" errors="0" timestamp="2025-04-30T21:38:22 EEST" skipped="0">
  <testcase classname="tests.LoginTests_happyAndnegativeScenario" name="testLogin_AllTestCases" time="9.380"/>
  <testcase classname="tests.LoginTests_happyAndnegativeScenario" name="testLogin_AllTestCases" time="4.581"/>
  <testcase classname="tests.LoginTests_happyAndnegativeScenario" name="testLogin_AllTestCases" time="5.171"/>
</testsuite> <!-- tests.LoginTests_happyAndnegativeScenario -->
