<?xml version="1.0" encoding="UTF-8"?>
<!-- Generated by org.testng.reporters.JUnitReportReporter -->
<testsuite hostname="DESKTOP-LSFSGRJ" failures="0" tests="2" name="tests.RegisterTests_happyScenarioWithDDTWithPropertiesJavaFile" time="22.951" errors="0" timestamp="2025-04-27T16:04:55 EEST" skipped="0">
  <testcase classname="tests.RegisterTests_happyScenarioWithDDTWithPropertiesJavaFile" name="testRegister_NewEmail_MandarotyAndOptional" time="11.448"/>
  <testcase classname="tests.RegisterTests_happyScenarioWithDDTWithPropertiesJavaFile" name="testRegister_NewEmail_Mandaroty" time="11.503"/>
</testsuite> <!-- tests.RegisterTests_happyScenarioWithDDTWithPropertiesJavaFile -->
