<?xml version="1.0" encoding="UTF-8"?>
<!-- Generated by org.testng.reporters.JUnitReportReporter -->
<testsuite hostname="Alaa" failures="0" tests="2" name="tests.Login_NegativeScenarioWithDDTAndDataProvider" time="6.389" errors="0" timestamp="2025-05-10T16:44:55 EEST" skipped="0">
  <testcase classname="tests.Login_NegativeScenarioWithDDTAndDataProvider" name="testLogin_NegativeScenarios" time="3.903"/>
  <testcase classname="tests.Login_NegativeScenarioWithDDTAndDataProvider" name="testLogin_NegativeScenarios" time="2.486"/>
</testsuite> <!-- tests.Login_NegativeScenarioWithDDTAndDataProvider -->
