<?xml version="1.0" encoding="UTF-8"?>
<!-- Generated by org.testng.reporters.JUnitReportReporter -->
<testsuite hostname="DESKTOP-LSFSGRJ" failures="0" tests="3" name="tests.LoginTests_happyScenarioAndNegativeScenarioWithDDTAndDataProvider" time="46.358" errors="0" timestamp="2025-04-28T20:47:51 EEST" skipped="0">
  <testcase classname="tests.LoginTests_happyScenarioAndNegativeScenarioWithDDTAndDataProvider" name="LoginAllTestCases" time="8.763"/>
  <testcase classname="tests.LoginTests_happyScenarioAndNegativeScenarioWithDDTAndDataProvider" name="LoginAllTestCases" time="10.010"/>
  <testcase classname="tests.LoginTests_happyScenarioAndNegativeScenarioWithDDTAndDataProvider" name="LoginAllTestCases" time="27.585"/>
</testsuite> <!-- tests.LoginTests_happyScenarioAndNegativeScenarioWithDDTAndDataProvider -->
