<?xml version="1.0" encoding="UTF-8"?>
<!-- Generated by org.testng.reporters.JUnitReportReporter -->
<testsuite hostname="DESKTOP-LSFSGRJ" failures="0" tests="2" name="tests.LoginTests_happyScenarioWithDDTWithDataProvider" time="43.992" errors="0" timestamp="2025-04-27T16:34:05 EEST" skipped="0">
  <testcase classname="tests.LoginTests_happyScenarioWithDDTWithDataProvider" name="testLogin_CorrectEmailAndPassword" time="10.590"/>
  <testcase classname="tests.LoginTests_happyScenarioWithDDTWithDataProvider" name="testLogin_CorrectEmailAndPassword" time="33.402"/>
</testsuite> <!-- tests.LoginTests_happyScenarioWithDDTWithDataProvider -->
