<?xml version="1.0" encoding="UTF-8"?>
<!-- Generated by org.testng.reporters.JUnitReportReporter -->
<testsuite hostname="DESKTOP-LSFSGRJ" failures="0" tests="1" name="tests.LoginTests_happyScenarioAndNegativeScenarioWithDDTAndPropertiesFile" time="13.627" errors="0" timestamp="2025-04-28T21:18:50 EEST" skipped="0">
  <testcase classname="tests.LoginTests_happyScenarioAndNegativeScenarioWithDDTAndPropertiesFile" name="LoginAllTestCases" time="13.627"/>
</testsuite> <!-- tests.LoginTests_happyScenarioAndNegativeScenarioWithDDTAndPropertiesFile -->
