<?xml version="1.0" encoding="UTF-8"?>
<!-- Generated by org.testng.reporters.JUnitReportReporter -->
<testsuite hostname="DESKTOP-LSFSGRJ" failures="0" tests="1" name="tests.LoginTests_happyScenarioWithDDTWithPropetiesFile" time="8.867" errors="0" timestamp="2025-04-27T17:01:31 EEST" skipped="0">
  <testcase classname="tests.LoginTests_happyScenarioWithDDTWithPropetiesFile" name="testLogin_HappyAndNegative" time="8.867"/>
</testsuite> <!-- tests.LoginTests_happyScenarioWithDDTWithPropetiesFile -->
